[    0.000000] Linux version 4.15.0-143-generic (buildd@lcy01-amd64-001) (gcc version 7.5.0 (Ubuntu 7.5.0-3ubuntu1~18.04)) #147-Ubuntu SMP Wed Apr 14 16:10:11 UTC 2021 (Ubuntu 4.15.0-143.147-generic 4.15.18)
[    0.000000] Command line: BOOT_IMAGE=/boot/vmlinuz-4.15.0-143-generic root=LABEL=cloudimg-rootfs ro console=tty1 console=ttyS0
[    0.000000] KERNEL supported cpus:
[    0.000000]   Intel GenuineIntel
[    0.000000]   AMD AuthenticAMD
[    0.000000]   Centaur CentaurHauls
[    0.000000] x86/fpu: Supporting XSAVE feature 0x001: 'x87 floating point registers'
[    0.000000] x86/fpu: Supporting XSAVE feature 0x002: 'SSE registers'
[    0.000000] x86/fpu: Supporting XSAVE feature 0x004: 'AVX registers'
[    0.000000] x86/fpu: xstate_offset[2]:  576, xstate_sizes[2]:  256
[    0.000000] x86/fpu: Enabled xstate features 0x7, context size is 832 bytes, using 'standard' format.
[    0.000000] e820: BIOS-provided physical RAM map:
[    0.000000] BIOS-e820: [mem 0x0000000000000000-0x000000000009fbff] usable
[    0.000000] BIOS-e820: [mem 0x000000000009fc00-0x000000000009ffff] reserved
[    0.000000] BIOS-e820: [mem 0x00000000000f0000-0x00000000000fffff] reserved
[    0.000000] BIOS-e820: [mem 0x0000000000100000-0x000000007ffeffff] usable
[    0.000000] BIOS-e820: [mem 0x000000007fff0000-0x000000007fffffff] ACPI data
[    0.000000] BIOS-e820: [mem 0x00000000fec00000-0x00000000fec00fff] reserved
[    0.000000] BIOS-e820: [mem 0x00000000fee00000-0x00000000fee00fff] reserved
[    0.000000] BIOS-e820: [mem 0x00000000fffc0000-0x00000000ffffffff] reserved
[    0.000000] NX (Execute Disable) protection: active
[    0.000000] SMBIOS 2.5 present.
[    0.000000] DMI: innotek GmbH VirtualBox/VirtualBox, BIOS VirtualBox 12/01/2006
[    0.000000] Hypervisor detected: KVM
[    0.000000] e820: last_pfn = 0x7fff0 max_arch_pfn = 0x400000000
[    0.000000] MTRR: Disabled
[    0.000000] x86/PAT: MTRRs disabled, skipping PAT initialization too.
[    0.000000] CPU MTRRs all blank - virtualized system.
[    0.000000] x86/PAT: Configuration [0-7]: WB  WT  UC- UC  WB  WT  UC- UC  
[    0.000000] found SMP MP-table at [mem 0x0009fff0-0x0009ffff]
[    0.000000] Scanning 1 areas for low memory corruption
[    0.000000] RAMDISK: [mem 0x359d1000-0x36cdffff]
[    0.000000] ACPI: Early table checksum verification disabled
[    0.000000] ACPI: RSDP 0x00000000000E0000 000024 (v02 VBOX  )
[    0.000000] ACPI: XSDT 0x000000007FFF0030 00003C (v01 VBOX   VBOXXSDT 00000001 ASL  00000061)
[    0.000000] ACPI: FACP 0x000000007FFF00F0 0000F4 (v04 VBOX   VBOXFACP 00000001 ASL  00000061)
[    0.000000] ACPI: DSDT 0x000000007FFF0470 002325 (v02 VBOX   VBOXBIOS 00000002 INTL 20120111)
[    0.000000] ACPI: FACS 0x000000007FFF0200 000040
[    0.000000] ACPI: FACS 0x000000007FFF0200 000040
[    0.000000] ACPI: APIC 0x000000007FFF0240 00005C (v02 VBOX   VBOXAPIC 00000001 ASL  00000061)
[    0.000000] ACPI: SSDT 0x000000007FFF02A0 0001CC (v01 VBOX   VBOXCPUT 00000002 INTL 20120111)
[    0.000000] No NUMA configuration found
[    0.000000] Faking a node at [mem 0x0000000000000000-0x000000007ffeffff]
[    0.000000] NODE_DATA(0) allocated [mem 0x7ffc5000-0x7ffeffff]
[    0.000000] kvm-clock: cpu 0, msr 0:7ff44001, primary cpu clock
[    0.000000] kvm-clock: Using msrs 4b564d01 and 4b564d00
[    0.000000] kvm-clock: using sched offset of 8446688138 cycles
[    0.000000] clocksource: kvm-clock: mask: 0xffffffffffffffff max_cycles: 0x1cd42e4dffb, max_idle_ns: 881590591483 ns
[    0.000000] Zone ranges:
[    0.000000]   DMA      [mem 0x0000000000001000-0x0000000000ffffff]
[    0.000000]   DMA32    [mem 0x0000000001000000-0x000000007ffeffff]
[    0.000000]   Normal   empty
[    0.000000]   Device   empty
[    0.000000] Movable zone start for each node
[    0.000000] Early memory node ranges
[    0.000000]   node   0: [mem 0x0000000000001000-0x000000000009efff]
[    0.000000]   node   0: [mem 0x0000000000100000-0x000000007ffeffff]
[    0.000000] Reserved but unavailable: 98 pages
[    0.000000] Initmem setup node 0 [mem 0x0000000000001000-0x000000007ffeffff]
[    0.000000] ACPI: PM-Timer IO Port: 0x4008
[    0.000000] IOAPIC[0]: apic_id 2, version 32, address 0xfec00000, GSI 0-23
[    0.000000] ACPI: INT_SRC_OVR (bus 0 bus_irq 0 global_irq 2 dfl dfl)
[    0.000000] ACPI: INT_SRC_OVR (bus 0 bus_irq 9 global_irq 9 low level)
[    0.000000] Using ACPI (MADT) for SMP configuration information
[    0.000000] smpboot: Allowing 2 CPUs, 0 hotplug CPUs
[    0.000000] PM: Registered nosave memory: [mem 0x00000000-0x00000fff]
[    0.000000] PM: Registered nosave memory: [mem 0x0009f000-0x0009ffff]
[    0.000000] PM: Registered nosave memory: [mem 0x000a0000-0x000effff]
[    0.000000] PM: Registered nosave memory: [mem 0x000f0000-0x000fffff]
[    0.000000] e820: [mem 0x80000000-0xfebfffff] available for PCI devices
[    0.000000] Booting paravirtualized kernel on KVM
[    0.000000] clocksource: refined-jiffies: mask: 0xffffffff max_cycles: 0xffffffff, max_idle_ns: 7645519600211568 ns
[    0.000000] random: get_random_bytes called from start_kernel+0x99/0x500 with crng_init=0
[    0.000000] setup_percpu: NR_CPUS:8192 nr_cpumask_bits:2 nr_cpu_ids:2 nr_node_ids:1
[    0.000000] percpu: Embedded 45 pages/cpu s147456 r8192 d28672 u1048576
[    0.000000] PV qspinlock hash table entries: 256 (order: 0, 4096 bytes)
[    0.000000] Built 1 zonelists, mobility grouping on.  Total pages: 515961
[    0.000000] Policy zone: DMA32
[    0.000000] Kernel command line: BOOT_IMAGE=/boot/vmlinuz-4.15.0-143-generic root=LABEL=cloudimg-rootfs ro console=tty1 console=ttyS0
[    0.000000] Memory: 2014916K/2096696K available (12300K kernel code, 2483K rwdata, 4316K rodata, 2444K init, 2724K bss, 81780K reserved, 0K cma-reserved)
[    0.000000] SLUB: HWalign=64, Order=0-3, MinObjects=0, CPUs=2, Nodes=1
[    0.000000] Kernel/User page tables isolation: enabled
[    0.000000] ftrace: allocating 39437 entries in 155 pages
[    0.004000] Hierarchical RCU implementation.
[    0.004000] 	RCU restricting CPUs from NR_CPUS=8192 to nr_cpu_ids=2.
[    0.004000] 	Tasks RCU enabled.
[    0.004000] RCU: Adjusting geometry for rcu_fanout_leaf=16, nr_cpu_ids=2
[    0.004000] NR_IRQS: 524544, nr_irqs: 440, preallocated irqs: 16
[    0.004000] Console: colour VGA+ 80x25
[    0.004000] console [tty1] enabled
[    0.004000] console [ttyS0] enabled
[    0.004000] ACPI: Core revision 20170831
[    0.004000] ACPI: 2 ACPI AML tables successfully acquired and loaded
[    0.004000] APIC: Switch to symmetric I/O mode setup
[    0.004000] x2apic enabled
[    0.004000] Switched APIC routing to physical x2apic.
[    0.004000] ..TIMER: vector=0x30 apic1=0 pin1=2 apic2=-1 pin2=-1
[    0.004006] tsc: Detected 3096.000 MHz processor
[    0.008012] Calibrating delay loop (skipped) preset value.. 6192.00 BogoMIPS (lpj=12384000)
[    0.010369] pid_max: default: 32768 minimum: 301
[    0.012035] Security Framework initialized
[    0.012842] Yama: becoming mindful.
[    0.013680] AppArmor: AppArmor initialized
[    0.016164] Dentry cache hash table entries: 262144 (order: 9, 2097152 bytes)
[    0.020131] Inode-cache hash table entries: 131072 (order: 8, 1048576 bytes)
[    0.024025] Mount-cache hash table entries: 4096 (order: 3, 32768 bytes)
[    0.025692] Mountpoint-cache hash table entries: 4096 (order: 3, 32768 bytes)
[    0.028259] Last level iTLB entries: 4KB 64, 2MB 8, 4MB 8
[    0.029488] Last level dTLB entries: 4KB 64, 2MB 0, 4MB 0, 1GB 4
[    0.031294] Spectre V1 : Mitigation: usercopy/swapgs barriers and __user pointer sanitization
[    0.032006] Spectre V2 : Mitigation: Full generic retpoline
[    0.036004] Spectre V2 : Spectre v2 / SpectreRSB mitigation: Filling RSB on context switch
[    0.037914] Speculative Store Bypass: Vulnerable
[    0.040044] SRBDS: Unknown: Dependent on hypervisor status
[    0.041837] MDS: Mitigation: Clear CPU buffers
[    0.044174] Freeing SMP alternatives memory: 36K
[    0.155793] smpboot: CPU0: Intel(R) Core(TM) i5-7267U CPU @ 3.10GHz (family: 0x6, model: 0x8e, stepping: 0x9)
[    0.156102] Performance Events: unsupported p6 CPU model 142 no PMU driver, software events only.
[    0.158198] Hierarchical SRCU implementation.
[    0.160744] NMI watchdog: Perf event create on CPU 0 failed with -2
[    0.162440] NMI watchdog: Perf NMI watchdog permanently disabled
[    0.164062] smp: Bringing up secondary CPUs ...
[    0.165429] x86: Booting SMP configuration:
[    0.168005] .... node  #0, CPUs:      #1
[    0.004000] kvm-clock: cpu 1, msr 0:7ff44041, secondary cpu clock
[    0.172021] smp: Brought up 1 node, 2 CPUs
[    0.173053] smpboot: Max logical packages: 1
[    0.173903] smpboot: Total of 2 processors activated (12384.00 BogoMIPS)
[    0.176166] devtmpfs: initialized
[    0.176939] x86/mm: Memory block size: 128MB
[    0.180268] evm: security.selinux
[    0.181991] evm: security.SMACK64
[    0.184005] evm: security.SMACK64EXEC
[    0.185074] evm: security.SMACK64TRANSMUTE
[    0.186915] evm: security.SMACK64MMAP
[    0.188004] evm: security.apparmor
[    0.188833] evm: security.ima
[    0.189776] evm: security.capability
[    0.191281] clocksource: jiffies: mask: 0xffffffff max_cycles: 0xffffffff, max_idle_ns: 7645041785100000 ns
[    0.192028] futex hash table entries: 512 (order: 3, 32768 bytes)
[    0.194044] pinctrl core: initialized pinctrl subsystem
[    0.196026] RTC time: 12:49:10, date: 06/08/21
[    0.197881] NET: Registered protocol family 16
[    0.199369] audit: initializing netlink subsys (disabled)
[    0.200038] audit: type=2000 audit(1623156560.429:1): state=initialized audit_enabled=0 res=1
[    0.201733] cpuidle: using governor ladder
[    0.204011] cpuidle: using governor menu
[    0.204834] ACPI: bus type PCI registered
[    0.205678] acpiphp: ACPI Hot Plug PCI Controller Driver version: 0.5
[    0.207457] PCI: Using configuration type 1 for base access
[    0.212117] HugeTLB registered 2.00 MiB page size, pre-allocated 0 pages
[    0.216127] ACPI: Added _OSI(Module Device)
[    0.217735] ACPI: Added _OSI(Processor Device)
[    0.219377] ACPI: Added _OSI(3.0 _SCP Extensions)
[    0.220012] ACPI: Added _OSI(Processor Aggregator Device)
[    0.221686] ACPI: Added _OSI(Linux-Dell-Video)
[    0.223080] ACPI: Added _OSI(Linux-Lenovo-NV-HDMI-Audio)
[    0.224014] ACPI: Added _OSI(Linux-HPI-Hybrid-Graphics)
[    0.226012] ACPI: Executed 1 blocks of module-level executable AML code
[    0.234816] ACPI: Interpreter enabled
[    0.236019] ACPI: (supports S0 S5)
[    0.237247] ACPI: Using IOAPIC for interrupt routing
[    0.238504] PCI: Using host bridge windows from ACPI; if necessary, use "pci=nocrs" and report a bug
[    0.240199] ACPI: Enabled 2 GPEs in block 00 to 07
[    0.250599] ACPI: PCI Root Bridge [PCI0] (domain 0000 [bus 00-ff])
[    0.252009] acpi PNP0A03:00: _OSC: OS supports [ASPM ClockPM Segments MSI]
[    0.254143] acpi PNP0A03:00: _OSC: not requesting OS control; OS requires [ExtendedConfig ASPM ClockPM MSI]
[    0.256021] acpi PNP0A03:00: fail to add MMCONFIG information, can't access extended PCI configuration space under this bridge.
[    0.260617] PCI host bridge to bus 0000:00
[    0.261759] pci_bus 0000:00: root bus resource [io  0x0000-0x0cf7 window]
[    0.264004] pci_bus 0000:00: root bus resource [io  0x0d00-0xffff window]
[    0.265386] pci_bus 0000:00: root bus resource [mem 0x000a0000-0x000bffff window]
[    0.268006] pci_bus 0000:00: root bus resource [mem 0x80000000-0xfdffffff window]
[    0.269462] pci_bus 0000:00: root bus resource [bus 00-ff]
[    0.274645] pci 0000:00:01.1: legacy IDE quirk: reg 0x10: [io  0x01f0-0x01f7]
[    0.276006] pci 0000:00:01.1: legacy IDE quirk: reg 0x14: [io  0x03f6]
[    0.280008] pci 0000:00:01.1: legacy IDE quirk: reg 0x18: [io  0x0170-0x0177]
[    0.282279] pci 0000:00:01.1: legacy IDE quirk: reg 0x1c: [io  0x0376]
[    0.307042] pci 0000:00:07.0: quirk: [io  0x4000-0x403f] claimed by PIIX4 ACPI
[    0.308030] pci 0000:00:07.0: quirk: [io  0x4100-0x410f] claimed by PIIX4 SMB
[    0.330773] ACPI: PCI Interrupt Link [LNKA] (IRQs 5 9 10 *11)
[    0.332364] ACPI: PCI Interrupt Link [LNKB] (IRQs 5 9 *10 11)
[    0.334377] ACPI: PCI Interrupt Link [LNKC] (IRQs 5 *9 10 11)
[    0.336148] ACPI: PCI Interrupt Link [LNKD] (IRQs 5 9 10 *11)
[    0.338298] SCSI subsystem initialized
[    0.340055] pci 0000:00:02.0: vgaarb: setting as boot VGA device
[    0.341322] pci 0000:00:02.0: vgaarb: VGA device added: decodes=io+mem,owns=io+mem,locks=none
[    0.344014] pci 0000:00:02.0: vgaarb: bridge control possible
[    0.348018] vgaarb: loaded
[    0.349091] ACPI: bus type USB registered
[    0.352047] usbcore: registered new interface driver usbfs
[    0.353657] usbcore: registered new interface driver hub
[    0.356021] usbcore: registered new device driver usb
[    0.357835] EDAC MC: Ver: 3.0.0
[    0.360096] PCI: Using ACPI for IRQ routing
[    0.361593] NetLabel: Initializing
[    0.362958] NetLabel:  domain hash size = 128
[    0.364008] NetLabel:  protocols = UNLABELED CIPSOv4 CALIPSO
[    0.365654] NetLabel:  unlabeled traffic allowed by default
[    0.367266] clocksource: Switched to clocksource kvm-clock
[    0.380273] VFS: Disk quotas dquot_6.6.0
[    0.381607] VFS: Dquot-cache hash table entries: 512 (order 0, 4096 bytes)
[    0.383728] AppArmor: AppArmor Filesystem Enabled
[    0.386401] pnp: PnP ACPI init
[    0.389874] pnp: PnP ACPI: found 3 devices
[    0.402176] clocksource: acpi_pm: mask: 0xffffff max_cycles: 0xffffff, max_idle_ns: 2085701024 ns
[    0.405863] NET: Registered protocol family 2
[    0.407356] TCP established hash table entries: 16384 (order: 5, 131072 bytes)
[    0.409909] TCP bind hash table entries: 16384 (order: 6, 262144 bytes)
[    0.412950] TCP: Hash tables configured (established 16384 bind 16384)
[    0.416427] UDP hash table entries: 1024 (order: 3, 32768 bytes)
[    0.418129] UDP-Lite hash table entries: 1024 (order: 3, 32768 bytes)
[    0.419888] NET: Registered protocol family 1
[    0.421077] pci 0000:00:00.0: Limiting direct PCI/PCI transfers
[    0.422821] pci 0000:00:01.0: Activating ISA DMA hang workarounds
[    0.425064] pci 0000:00:02.0: Video device with shadowed ROM at [mem 0x000c0000-0x000dffff]
[    0.427577] Unpacking initramfs...
[    0.800166] Freeing initrd memory: 19516K
[    0.802035] clocksource: tsc: mask: 0xffffffffffffffff max_cycles: 0x2ca08564bf3, max_idle_ns: 440795312460 ns
[    0.808528] platform rtc_cmos: registered platform RTC device (no PNP device found)
[    0.813736] Scanning for low memory corruption every 60 seconds
[    0.817057] Initialise system trusted keyrings
[    0.818489] Key type blacklist registered
[    0.819874] workingset: timestamp_bits=36 max_order=19 bucket_order=0
[    0.823514] zbud: loaded
[    0.827199] squashfs: version 4.0 (2009/01/31) Phillip Lougher
[    0.829634] fuse init (API version 7.26)
[    0.833677] Key type asymmetric registered
[    0.835283] Asymmetric key parser 'x509' registered
[    0.836603] Block layer SCSI generic (bsg) driver version 0.4 loaded (major 246)
[    0.839616] io scheduler noop registered
[    0.840697] io scheduler deadline registered
[    0.841617] io scheduler cfq registered (default)
[    0.844735] ACPI: AC Adapter [AC] (on-line)
[    0.846521] input: Power Button as /devices/LNXSYSTM:00/LNXPWRBN:00/input/input0
[    0.849626] ACPI: Power Button [PWRF]
[    0.851985] input: Sleep Button as /devices/LNXSYSTM:00/LNXSLPBN:00/input/input1
[    0.853949] ACPI: Sleep Button [SLPF]
[    0.856238] Serial: 8250/16550 driver, 32 ports, IRQ sharing enabled
[    0.857078] ACPI: Battery Slot [BAT0] (battery present)
[    0.881617] 00:02: ttyS0 at I/O 0x3f8 (irq = 4, base_baud = 115200) is a 16550A
[    0.886170] Linux agpgart interface v0.103
[    0.889088] loop: module loaded
[    0.891262] scsi host0: ata_piix
[    0.893602] scsi host1: ata_piix
[    0.894467] ata1: PATA max UDMA/33 cmd 0x1f0 ctl 0x3f6 bmdma 0xd000 irq 14
[    0.896291] ata2: PATA max UDMA/33 cmd 0x170 ctl 0x376 bmdma 0xd008 irq 15
[    0.897960] libphy: Fixed MDIO Bus: probed
[    0.899100] tun: Universal TUN/TAP device driver, 1.6
[    0.900128] PPP generic driver version 2.4.2
[    0.901369] ehci_hcd: USB 2.0 'Enhanced' Host Controller (EHCI) Driver
[    0.902869] ehci-pci: EHCI PCI platform driver
[    0.903780] ehci-platform: EHCI generic platform driver
[    0.907142] ohci_hcd: USB 1.1 'Open' Host Controller (OHCI) Driver
[    0.912463] ohci-pci: OHCI PCI platform driver
[    0.914074] ohci-platform: OHCI generic platform driver
[    0.916659] uhci_hcd: USB Universal Host Controller Interface driver
[    0.919383] i8042: PNP: PS/2 Controller [PNP0303:PS2K,PNP0f03:PS2M] at 0x60,0x64 irq 1,12
[    0.922393] serio: i8042 KBD port at 0x60,0x64 irq 1
[    0.923897] serio: i8042 AUX port at 0x60,0x64 irq 12
[    0.927501] mousedev: PS/2 mouse device common for all mice
[    0.929380] input: AT Translated Set 2 keyboard as /devices/platform/i8042/serio0/input/input2
[    0.931653] rtc_cmos rtc_cmos: rtc core: registered rtc_cmos as rtc0
[    0.933683] rtc_cmos rtc_cmos: alarms up to one day, 114 bytes nvram
[    0.935499] i2c /dev entries driver
[    0.936331] device-mapper: uevent: version 1.0.3
[    0.937425] device-mapper: ioctl: 4.37.0-ioctl (2017-09-20) initialised: dm-devel@redhat.com
[    0.939662] ledtrig-cpu: registered to indicate activity on CPUs
[    0.941261] NET: Registered protocol family 10
[    0.947475] Segment Routing with IPv6
[    0.948760] NET: Registered protocol family 17
[    0.950261] Key type dns_resolver registered
[    0.952537] mce: Using 0 MCE banks
[    0.953674] RAS: Correctable Errors collector initialized.
[    0.955419] sched_clock: Marking stable (952476299, 0)->(1211436042, -258959743)
[    0.958009] registered taskstats version 1
[    0.959030] Loading compiled-in X.509 certificates
[    0.962496] Loaded X.509 cert 'Build time autogenerated kernel key: de118354fe72448b469776565e76ac30c08e8db2'
[    0.966016] Loaded X.509 cert 'Canonical Ltd. Live Patch Signing: 14df34d1a87cf37625abec039ef2bf521249b969'
[    0.968703] Loaded X.509 cert 'Canonical Ltd. Kernel Module Signing: 88f752e560a1e0737e31163a466ad7b70a850c19'
[    0.970727] zswap: loaded using pool lzo/zbud
[    0.977260] Key type big_key registered
[    0.978202] Key type trusted registered
[    0.980399] Key type encrypted registered
[    0.981704] AppArmor: AppArmor sha1 policy hashing enabled
[    0.982774] ima: No TPM chip found, activating TPM-bypass! (rc=-19)
[    0.984423] ima: Allocated hash algorithm: sha1
[    0.986607] evm: HMAC attrs: 0x1
[    0.988387]   Magic number: 9:659:834
[    0.989576] rtc_cmos rtc_cmos: setting system clock to 2021-06-08 12:49:11 UTC (1623156551)
[    0.993483] BIOS EDD facility v0.16 2004-Jun-25, 0 devices found
[    0.995075] EDD information not available.
[    1.165620] Freeing unused kernel image memory: 2444K
[    1.176815] Write protecting the kernel read-only data: 20480k
[    1.179013] Freeing unused kernel image memory: 2008K
[    1.180701] Freeing unused kernel image memory: 1828K
[    1.190621] x86/mm: Checked W+X mappings: passed, no W+X pages found.
[    1.193528] x86/mm: Checking user space page tables
[    1.200893] x86/mm: Checked W+X mappings: passed, no W+X pages found.
Loading, please wait...
starting version 237
[    1.293852] e1000: Intel(R) PRO/1000 Network Driver - version 7.3.21-k8-NAPI
[    1.296127] e1000: Copyright (c) 1999-2006 Intel Corporation.
[    1.303729] Fusion MPT base driver 3.04.20
[    1.305919] Copyright (c) 1999-2008 LSI Corporation
[    1.324137] AVX2 version of gcm_enc/dec engaged.
[    1.327058] AES CTR mode by8 optimization enabled
[    1.328803] Fusion MPT SPI Host driver 3.04.20
[    1.513823] input: ImExPS/2 Generic Explorer Mouse as /devices/platform/i8042/serio1/input/input4
[    1.771109] e1000 0000:00:03.0 eth0: (PCI:33MHz:32-bit) 02:79:d1:66:99:96
[    1.776740] e1000 0000:00:03.0 eth0: Intel(R) PRO/1000 Network Connection
[    2.282340] e1000 0000:00:08.0 eth1: (PCI:33MHz:32-bit) 08:00:27:c5:39:c8
[    2.285601] e1000 0000:00:08.0 eth1: Intel(R) PRO/1000 Network Connection
[    2.288593] mptbase: ioc0: Initiating bringup
[    2.289103] e1000 0000:00:08.0 enp0s8: renamed from eth1
[    2.309425] e1000 0000:00:03.0 enp0s3: renamed from eth0
[    2.848986] ioc0: LSI53C1030 A0: Capabilities={Initiator}
[    4.746956] scsi host2: ioc0: LSI53C1030 A0, FwRev=00000000h, Ports=1, MaxQ=256, IRQ=20
[    5.761850] scsi 2:0:0:0: Direct-Access     VBOX     HARDDISK         1.0  PQ: 0 ANSI: 5
[    5.796237] scsi target2:0:0: Beginning Domain Validation
[    5.799775] scsi target2:0:0: Domain Validation skipping write tests
[    5.801164] scsi target2:0:0: Ending Domain Validation
[    5.802990] scsi target2:0:0: asynchronous
[    5.805302] scsi 2:0:1:0: Direct-Access     VBOX     HARDDISK         1.0  PQ: 0 ANSI: 5
[    5.836523] scsi target2:0:1: Beginning Domain Validation
[    5.840398] random: fast init done
[    5.842852] scsi target2:0:1: Domain Validation skipping write tests
[    5.846596] scsi target2:0:1: Ending Domain Validation
[    5.848048] scsi target2:0:1: asynchronous
[    5.854671] random: systemd-udevd: uninitialized urandom read (16 bytes read)
[    5.857094] random: systemd-udevd: uninitialized urandom read (16 bytes read)
[    5.857194] sd 2:0:0:0: Attached scsi generic sg0 type 0
[    5.859600] random: systemd-udevd: uninitialized urandom read (16 bytes read)
[    5.865218] sd 2:0:0:0: [sda] 83886080 512-byte logical blocks: (42.9 GB/40.0 GiB)
[    5.867486] sd 2:0:0:0: [sda] Write Protect is off
[    5.869161] sd 2:0:1:0: Attached scsi generic sg1 type 0
[    5.870385] sd 2:0:1:0: [sdb] 20480 512-byte logical blocks: (10.5 MB/10.0 MiB)
[    5.873332] sd 2:0:0:0: [sda] Incomplete mode parameter data
[    5.875102] sd 2:0:0:0: [sda] Assuming drive cache: write through
[    5.877687] sd 2:0:1:0: [sdb] Write Protect is off
[    5.879148] sd 2:0:1:0: [sdb] Incomplete mode parameter data
[    5.880323] sd 2:0:1:0: [sdb] Assuming drive cache: write through
[    5.884971]  sda: sda1
[    5.886072] sd 2:0:1:0: [sdb] Attached SCSI disk
[    5.888972] sd 2:0:0:0: [sda] Attached SCSI disk
Begin: Loading essential drivers ... [    7.532102] raid6: sse2x1   gen()  6924 MB/s
[    7.580127] raid6: sse2x1   xor()  3697 MB/s
[    7.628238] raid6: sse2x2   gen()  6770 MB/s
[    7.676286] raid6: sse2x2   xor()  6090 MB/s
[    7.724064] raid6: sse2x4   gen() 11419 MB/s
[    7.772115] raid6: sse2x4   xor()  7379 MB/s
[    7.820073] raid6: avx2x1   gen() 16025 MB/s
[    7.868095] raid6: avx2x1   xor() 13065 MB/s
[    7.916062] raid6: avx2x2   gen() 21544 MB/s
[    7.964077] raid6: avx2x2   xor() 14854 MB/s
[    8.012138] raid6: avx2x4   gen() 26813 MB/s
[    8.060058] raid6: avx2x4   xor() 16951 MB/s
[    8.061530] raid6: using algorithm avx2x4 gen() 26813 MB/s
[    8.063175] raid6: .... xor() 16951 MB/s, rmw enabled
[    8.065133] raid6: using avx2x2 recovery algorithm
[    8.068673] xor: automatically using best checksumming function   avx       
[    8.072005] async_tx: api initialized (async)
done.
Begin: Running /scripts/init-premount ... done.
Begin: Mounting root file system ... Begin: Running /scripts/local-top ... done.
Begin: Running /scripts/local-premount ... [    8.127766] Btrfs loaded, crc32c=crc32c-intel
Scanning for Btrfs filesystems
done.
Warning: fsck not present, so skipping root file system
[    8.199993] EXT4-fs (sda1): mounted filesystem with ordered data mode. Opts: (null)
done.
Begin: Running /scripts/local-bottom ... done.
Begin: Running /scripts/init-bottom ... done.
[    8.616079] ip_tables: (C) 2000-2006 Netfilter Core Team
[    8.653295] systemd[1]: systemd 237 running in system mode. (+PAM +AUDIT +SELINUX +IMA +APPARMOR +SMACK +SYSVINIT +UTMP +LIBCRYPTSETUP +GCRYPT +GNUTLS +ACL +XZ +LZ4 +SECCOMP +BLKID +ELFUTILS +KMOD -IDN2 +IDN -PCRE2 default-hierarchy=hybrid)
[    8.658650] systemd[1]: Detected virtualization oracle.
[    8.660186] systemd[1]: Detected architecture x86-64.

Welcome to [1mUbuntu 18.04.5 LTS[0m!

[    8.685763] systemd[1]: Set hostname to <ubuntu>.
[    8.709917] systemd[1]: Initializing machine ID from random generator.
[    8.714102] systemd[1]: Installed transient /etc/machine-id file.
[    9.269105] systemd[1]: Reached target System Time Synchronized.
[[0;32m  OK  [0m] Reached target System Time Synchronized.
[    9.273437] systemd[1]: Started Forward Password Requests to Wall Directory Watch.
[[0;32m  OK  [0m] Started Forward Password Requests to Wall Directory Watch.
[    9.289934] systemd[1]: Created slice System Slice.
[[0;32m  OK  [0m] Created slice System Slice.
[    9.294253] systemd[1]: Listening on Journal Socket (/dev/log).
[[0;32m  OK  [0m] Listening on Journal Socket (/dev/log).
[[0;32m  OK  [0m] Reached target Swap.
[[0;32m  OK  [0m] Listening on Journal Socket.
         Mounting Huge Pages File System...
         Starting Set the console keyboard layout...
[[0;32m  OK  [0m] Listening on Device-mapper event daemon FIFOs.
[[0;32m  OK  [0m] Listening on Network Service Netlink Socket.
         Starting Load Kernel Modules...
[[0;32m  OK  [0m] Listening on Journal Audit Socket.
         Starting Create list of required st…ce nodes for the current kernel...
[[0;32m  OK  [0m] Listening on Syslog Socket.
[    9.400363] Loading iSCSI transport class v2.0-870.
         Starting Journal Service...
[    9.414050] iscsi: registered transport (tcp)
[[0;32m  OK  [0m] Reached target User and Group Name Lookups.
[[0;32m  OK  [0m] Set up automount Arbitrary Executab…rmats File System Automount Point.
         Starting Uncomplicated firewall...
[[0;32m  OK  [0m] Created slice system-serial\x2dgetty.slice.
[[0;32m  OK  [0m] Listening on udev Kernel Socket.
[[0;32m  OK  [0m] Created slice User and Session Slice.
[[0;32m  OK  [0m] Reached target Slices.
[[0;32m  OK  [0m] Listening on udev Control Socket.
         Starting udev Coldplug all Devices...
[[0;32m  OK  [0m] Listening on /dev/initctl Compatibility Named Pipe.
         Mounting Kernel Debug File System...
[[0;32m  OK  [0m] Listening on LVM2 metadata daemon socket.
         Starting Monitoring of LVM2 mirrors…ng dmeventd or progress polling...
         Mounting POSIX Message Queue File System...
[[0;32m  OK  [0m] Listening on fsck to fsckd communication Socket.
         Starting File System Check on Root Device...
[[0;32m  OK  [0m] Listening on LVM2 poll daemon socket.
[[0;32m  OK  [0m] Mounted Huge Pages File System.
[[0;32m  OK  [0m] Started Create list of required sta…vice nodes for the current kernel.
[[0;32m  OK  [0m] Started Uncomplicated firewall.
[[0;32m  OK  [0m] Mounted Kernel Debug File System.
[[0;32m  OK  [0m] Mounted POSIX Message Queue File System.
[[0;32m  OK  [0m] Started Journal Service.
[[0;32m  OK  [0m] Started Set the console keyboard layout.
         Starting Create Static Device Nodes in /dev...
[[0;32m  OK  [0m] Started LVM2 metadata daemon.
[[0;32m  OK  [0m] Started udev Coldplug all Devices.
[[0;32m  OK  [0m] Started File System Check Daemon to report status.
[    9.667457] iscsi: registered transport (iser)
[[0;32m  OK  [0m] Started Load Kernel Modules.
         Starting Apply Kernel Variables...
         Mounting Kernel Configuration File System...
         Mounting FUSE Control File System...
[[0;32m  OK  [0m] Mounted Kernel Configuration File System.
[[0;32m  OK  [0m] Mounted FUSE Control File System.
[[0;32m  OK  [0m] Started File System Check on Root Device.
         Starting Remount Root and Kernel File Systems...
[[0;32m  OK  [0m] Started Create Static Device Nodes in /dev.
[    9.748175] random: crng init done
[    9.749200] random: 7 urandom warning(s) missed due to ratelimiting
[[0;32m  OK  [0m] Started Monitoring of LVM2 mirrors,…sing dmeventd or progress polling.
[[0;32m  OK  [0m] Started Apply Kernel Variables.
[[0;32m  OK  [0m] Started Remount Root and Kernel File Systems.
         Starting Flush Journal to Persistent Storage...
         Starting udev Kernel Device Manager...
[[0;32m  OK  [0m] Reached target Local File Systems (Pre).
[[0;32m  OK  [0m] Reached target Local File Systems.
         Starting AppArmor initialization...
         Starting ebtables ruleset management...
         Starting Tell Plymouth To Write Out Runtime Data...
         Starting Set console font and keymap...
         Starting Commit a transient machine-id on disk...
         Starting Load/Save Random Seed...
[[0;32m  OK  [0m] Started udev Kernel Device Manager.
[[0;32m  OK  [0m] Started Dispatch Password Requests to Console Directory Watch.
[[0;32m  OK  [0m] Reached target Local Encrypted Volumes.
[[0;32m  OK  [0m] Started Tell Plymouth To Write Out Runtime Data.
[[0;32m  OK  [0m] Started Set console font and keymap.
[[0;32m  OK  [0m] Started Load/Save Random Seed.
[[0;32m  OK  [0m] Started Commit a transient machine-id on disk.
[[0;32m  OK  [0m] Started Flush Journal to Persistent Storage.
         Starting Create Volatile Files and Directories...
[[0;32m  OK  [0m] Started ebtables ruleset management.
[[0;32m  OK  [0m] Started Create Volatile Files and Directories.
         Starting Update UTMP about System Boot/Shutdown...
[[0;32m  OK  [0m] Started Update UTMP about System Boot/Shutdown.
[[0;32m  OK  [0m] Found device /dev/ttyS0.
[[0;32m  OK  [0m] Listening on Load/Save RF Kill Switch Status /dev/rfkill Watch.
[[0;32m  OK  [0m] Started AppArmor initialization.
         Starting Load AppArmor profiles managed internally by snapd...
         Starting Initial cloud-init job (pre-networking)...
[[0;32m  OK  [0m] Started Load AppArmor profiles managed internally by snapd.
[   13.830712] cloud-init[593]: Cloud-init v. 21.1-19-gbad84ad4-0ubuntu1~18.04.2 running 'init-local' at Tue, 08 Jun 2021 12:49:23 +0000. Up 13.10 seconds.
[[0;32m  OK  [0m] Started Initial cloud-init job (pre-networking).
[[0;32m  OK  [0m] Reached target Network (Pre).
         Starting Network Service...
[[0;32m  OK  [0m] Started Network Service.
         Starting Wait for Network to be Configured...
         Starting Network Name Resolution...
[[0;32m  OK  [0m] Started Network Name Resolution.
[[0;32m  OK  [0m] Reached target Host and Network Name Lookups.
[[0;32m  OK  [0m] Reached target Network.
[[0;32m  OK  [0m] Started Wait for Network to be Configured.
         Starting Initial cloud-init job (metadata service crawler)...
[   17.962538] cloud-init[696]: Cloud-init v. 21.1-19-gbad84ad4-0ubuntu1~18.04.2 running 'init' at Tue, 08 Jun 2021 12:49:27 +0000. Up 17.26 seconds.
[   17.967177] cloud-init[696]: ci-info: ++++++++++++++++++++++++++++++++++++++Net device info+++++++++++++++++++++++++++++++++++++++
[   17.970342] cloud-init[696]: ci-info: +--------+-------+----------------------------+---------------+--------+-------------------+
[   17.979265] cloud-init[696]: ci-info: | Device |   Up  |          Address           |      Mask     | Scope  |     Hw-Address    |
[   17.983430] cloud-init[696]: ci-info: +--------+-------+----------------------------+---------------+--------+-------------------+
[   17.988158] cloud-init[696]: ci-info: | enp0s3 |  True |         10.0.2.15          | 255.255.255.0 | global | 02:79:d1:66:99:96 |
[   17.993363] cloud-init[696]: ci-info: | enp0s3 |  True | fe80::79:d1ff:fe66:9996/64 |       .       |  link  | 02:79:d1:66:99:96 |
[   17.998700] cloud-init[696]: ci-info: | enp0s8 | False |             .              |       .       |   .    | 08:00:27:c5:39:c8 |
[   18.003845] cloud-init[696]: ci-info: |   lo   |  True |         127.0.0.1          |   255.0.0.0   |  host  |         .         |
[   18.013415] cloud-init[696]: ci-info: |   lo   |  True |          ::1/128           |       .       |  host  |         .         |
[   18.025421] cloud-init[696]: ci-info: +--------+-------+----------------------------+---------------+--------+-------------------+
[   18.029523] cloud-init[696]: ci-info: ++++++++++++++++++++++++++++Route IPv4 info+++++++++++++++++++++++++++++
[   18.036417] cloud-init[696]: ci-info: +-------+-------------+----------+-----------------+-----------+-------+
[   18.039995] cloud-init[696]: ci-info: | Route | Destination | Gateway  |     Genmask     | Interface | Flags |
[   18.047549] cloud-init[696]: ci-info: +-------+-------------+----------+-----------------+-----------+-------+
[   18.053643] cloud-init[696]: ci-info: |   0   |   0.0.0.0   | 10.0.2.2 |     0.0.0.0     |   enp0s3  |   UG  |
[   18.062456] cloud-init[696]: ci-info: |   1   |   10.0.2.0  | 0.0.0.0  |  255.255.255.0  |   enp0s3  |   U   |
[   18.069414] cloud-init[696]: ci-info: |   2   |   10.0.2.2  | 0.0.0.0  | 255.255.255.255 |   enp0s3  |   UH  |
[   18.072852] cloud-init[696]: ci-info: +-------+-------------+----------+-----------------+-----------+-------+
[   18.092643] cloud-init[696]: ci-info: +++++++++++++++++++Route IPv6 info+++++++++++++++++++
[   18.095957] cloud-init[696]: ci-info: +-------+-------------+---------+-----------+-------+
[   18.100663] cloud-init[696]: ci-info: | Route | Destination | Gateway | Interface | Flags |
[   18.103951] cloud-init[696]: ci-info: +-------+-------------+---------+-----------+-------+
[   18.112715] cloud-init[696]: ci-info: |   1   |  fe80::/64  |    ::   |   enp0s3  |   U   |
[   18.116573] cloud-init[696]: ci-info: |   3   |    local    |    ::   |   enp0s3  |   U   |
[   18.120985] cloud-init[696]: ci-info: |   4   |   ff00::/8  |    ::   |   enp0s3  |   U   |
[   18.126429] cloud-init[696]: ci-info: +-------+-------------+---------+-----------+-------+
[   19.281445] cloud-init[696]: Generating public/private rsa key pair.
[   19.282693] cloud-init[696]: Your identification has been saved in /etc/ssh/ssh_host_rsa_key.
[   19.285178] cloud-init[696]: Your public key has been saved in /etc/ssh/ssh_host_rsa_key.pub.
[   19.287168] cloud-init[696]: The key fingerprint is:
[   19.288271] cloud-init[696]: SHA256:YdfPnfpXb0nOIoqvp6ugcuvcUKYbQQBXSy2arfrE6ag root@ubuntu-bionic
[   19.289988] cloud-init[696]: The key's randomart image is:
[   19.290872] cloud-init[696]: +---[RSA 2048]----+
[   19.292325] cloud-init[696]: |+ ..o.           |
[   19.293110] cloud-init[696]: | o ....    .     |
[   19.308455] cloud-init[696]: |  .+..  o . .    |
[   19.320281] cloud-init[696]: | .o .  . o   o ..|
[   19.332337] cloud-init[696]: |  ..o   S     o..|
[   19.333509] cloud-init[696]: | ..*          ...|
[   19.334612] cloud-init[696]: | .B.         .+ +|
[   19.335617] cloud-init[696]: |o=o=.   .. . ..++|
[   19.336787] cloud-init[696]: |E=B....=*o. . .o.|
[   19.337367] cloud-init[696]: +----[SHA256]-----+
[   19.338232] cloud-init[696]: Generating public/private dsa key pair.
[   19.340152] cloud-init[696]: Your identification has been saved in /etc/ssh/ssh_host_dsa_key.
[   19.342105] cloud-init[696]: Your public key has been saved in /etc/ssh/ssh_host_dsa_key.pub.
[   19.345099] cloud-init[696]: The key fingerprint is:
[   19.346158] cloud-init[696]: SHA256:BI88LQxbKR7I8taj7A0V5rNa8U0bqPY3BOxLe4Lt91s root@ubuntu-bionic
[   19.348306] cloud-init[696]: The key's randomart image is:
[   19.349881] cloud-init[696]: +---[DSA 1024]----+
[   19.351963] cloud-init[696]: | . .. o.         |
[   19.353344] cloud-init[696]: |. o =*.=         |
[   19.354109] cloud-init[696]: | o =.=*.+        |
[   19.355210] cloud-init[696]: |  o O ++o        |
[   19.356486] cloud-init[696]: | o o O +So       |
[   19.357522] cloud-init[696]: |  + = + +        |
[   19.358510] cloud-init[696]: | . * = +    E    |
[   19.368308] cloud-init[696]: |  o o * =  .     |
[   19.369479] cloud-init[696]: |     ..= oo.     |
[   19.373018] cloud-init[696]: +----[SHA256]-----+
[   19.392489] cloud-init[696]: Generating public/private ecdsa key pair.
[   19.400403] cloud-init[696]: Your identification has been saved in /etc/ssh/ssh_host_ecdsa_key.
[   19.403712] cloud-init[696]: Your public key has been saved in /etc/ssh/ssh_host_ecdsa_key.pub.
[   19.414078] cloud-init[696]: The key fingerprint is:
[   19.419626] cloud-init[696]: SHA256:FMvb5jFAr5y7WiK6LIyzZB8BP2SonccvHhJbNmesNfE root@ubuntu-bionic
[   19.425178] cloud-init[696]: The key's randomart image is:
[   19.433234] cloud-init[696]: +---[ECDSA 256]---+
[   19.436561] cloud-init[696]: |        o        |
[   19.438580] cloud-init[696]: |  .    o +       |
[   19.448991] cloud-init[696]: | o o  . = .      |
[   19.453062] cloud-init[696]: |..=o . = *       |
[   19.456885] cloud-init[696]: |. ++* * E =      |
[   19.459768] cloud-init[696]: |   *oB . + o     |
[   19.463455] cloud-init[696]: |ooo.= o o .      |
[   19.466500] cloud-init[696]: |*o.+.+ o .       |
[   19.480774] cloud-init[696]: |.++o. ...        |
[   19.483056] cloud-init[696]: +----[SHA256]-----+
[   19.485488] cloud-init[696]: Generating public/private ed25519 key pair.
[   19.487331] cloud-init[696]: Your identification has been saved in /etc/ssh/ssh_host_ed25519_key.
[   19.489581] cloud-init[696]: Your public key has been saved in /etc/ssh/ssh_host_ed25519_key.pub.
[   19.490856] cloud-init[696]: The key fingerprint is:
[   19.492024] cloud-init[696]: SHA256:IP9o4GX28lgtTrZ/uXBkvWytLfJijoKXf/Tu1qWLBI8 root@ubuntu-bionic
[   19.493289] cloud-init[696]: The key's randomart image is:
[   19.494169] cloud-init[696]: +--[ED25519 256]--+
[   19.497781] cloud-init[696]: |                 |
[   19.503384] cloud-init[696]: |                 |
[   19.505460] cloud-init[696]: |    . .          |
[[0;32m  OK  [0m] Started Initial cloud-init job (metadata service crawler).
[   19.526398] cloud-init[696]: |     o .     .   |
[[0;32m  OK  [0m] Reached target Network is Online.
[   19.527343] cloud-init[696]: |    . = S . o .  |
[[0;32m  OK  [0m] Reached target Remote File Systems (Pre).
[[0;32m  OK  [0m] Reached target Remote File Systems.
[   19.530692] cloud-init[696]: |   . = + . *.. o.|
         Starting Availability of block devices...
[   19.538559] [[0;32m  OK  [0m] Reached target System Initialization.
[[0;32m  OK  [0m] Listening on Open-iSCSI iscsid Socket.
cloud-init[696]: |    . +.B.E.+o+oo|
[   19.560666] cloud-init[696]: |     ..O+o =Bo=o.|
         Starting Socket activation for snappy daemon.
[[0;32m  OK  [0m] Started Discard unused blocks once a week.
[[0;32m  OK  [0m] Listening on UUID daemon activation socket.
[[0;32m  OK  [0m] Started Daily Cleanup of Temporary Directories.
[   19.572930] cloud-init[696]: |      ..+++=+O*o.|
[[0;32m  OK  [0m] Listening on D-Bus System Message Bus Socket.
[   19.590978] cloud-init[696]: +----[SHA256]-----+
[[0;32m  OK  [0m] Started ACPI Events Check.
[[0;32m  OK  [0m] Listening on ACPID Listen Socket.
[[0;32m  OK  [0m] Reached target Paths.
[[0;32m  OK  [0m] Started Message of the Day.
         Starting LXD - unix socket.
[[0;32m  OK  [0m] Started Ubuntu Advantage update messaging.
[[0;32m  OK  [0m] Started Daily apt download activities.
[[0;32m  OK  [0m] Started Daily apt upgrade and clean activities.
[[0;32m  OK  [0m] Reached target Timers.
[[0;32m  OK  [0m] Reached target Cloud-config availability.
[[0;32m  OK  [0m] Started Availability of block devices.
[[0;32m  OK  [0m] Listening on Socket activation for snappy daemon.
[[0;32m  OK  [0m] Listening on LXD - unix socket.
[[0;32m  OK  [0m] Reached target Sockets.
[[0;32m  OK  [0m] Reached target Basic System.
         Starting System Logging Service...
         Starting Login Service...
[[0;32m  OK  [0m] Started irqbalance daemon.
[[0;32m  OK  [0m] Started D-Bus System Message Bus.
[[0;32m  OK  [0m] Started Login Service.
[[0;32m  OK  [0m] Started Unattended Upgrades Shutdown.
[[0;32m  OK  [0m] Started Regular background program processing daemon.
[[0;32m  OK  [0m] Started FUSE filesystem for LXC.
         Starting Accounts Service...
         Starting LXD - container startup/shutdown...
         Starting Virtualbox guest utils...
         Starting Permit User Sessions...
         Starting Pollinate to seed the pseudo random number generator...
[[0;32m  OK  [0m] Started Deferred execution scheduler.
         Starting LSB: Record successful boot for GRUB...
         Starting Dispatcher daemon for systemd-networkd...
         Starting Snap Daemon...
         Starting LSB: automatic crash report generation...
[[0;32m  OK  [0m] Started System Logging Service.
[[0;32m  OK  [0m] Started Permit User Sessions.
         Starting Hold until boot process finishes up...
         Starting Terminate Plymouth Boot Screen...
[[0;32m  OK  [0m] Started Hold until boot process finishes up.
         Starting Set console scheme...
[[0;32m  OK  [0m] Started Serial Getty on ttyS0.
[[0;32m  OK  [0m] Started Terminate Plymouth Boot Screen.
[[0;32m  OK  [0m] Started Set console scheme.
[[0;32m  OK  [0m] Created slice system-getty.slice.
[[0;32m  OK  [0m] Started Getty on tty1.
[[0;32m  OK  [0m] Reached target Login Prompts.
         Starting Authorization Manager...
[[0;32m  OK  [0m] Started LSB: Record successful boot for GRUB.
[[0;32m  OK  [0m] Started Authorization Manager.
[[0;32m  OK  [0m] Started Accounts Service.
[[0;32m  OK  [0m] Started LSB: automatic crash report generation.
[[0;32m  OK  [0m] Started Virtualbox guest utils.
[[0;32m  OK  [0m] Started LXD - container startup/shutdown.
[[0;32m  OK  [0m] Started Dispatcher daemon for systemd-networkd.
[[0;32m  OK  [0m] Started Snap Daemon.
         Starting Wait until snapd is fully seeded...
[[0;32m  OK  [0m] Started Pollinate to seed the pseudo random number generator.
         Starting OpenBSD Secure Shell server...
[[0;32m  OK  [0m] Started OpenBSD Secure Shell server.
[[0;32m  OK  [0m] Started Wait until snapd is fully seeded.
         Starting Apply the settings specified in cloud-config...
[[0;32m  OK  [0m] Reached target Multi-User System.
[[0;32m  OK  [0m] Reached target Graphical Interface.
         Starting Update UTMP about System Runlevel Changes...
[[0;32m  OK  [0m] Started Update UTMP about System Runlevel Changes.
[[0;32m  OK  [0m] Created slice User Slice of vagrant.
         Starting User Manager for UID 1000...
[[0;32m  OK  [0m] Started Session 1 of user vagrant.
[[0;32m  OK  [0m] Started User Manager for UID 1000.

Ubuntu 18.04.5 LTS ubuntu-bionic ttyS0

ubuntu-bionic login: [   27.076793] cloud-init[1081]: Cloud-init v. 21.1-19-gbad84ad4-0ubuntu1~18.04.2 running 'modules:config' at Tue, 08 Jun 2021 12:49:36 +0000. Up 25.88 seconds.
ci-info: no authorized SSH keys fingerprints found for user ubuntu.
<14>Jun  8 12:49:39 ec2: 
<14>Jun  8 12:49:39 ec2: #############################################################
<14>Jun  8 12:49:39 ec2: -----BEGIN SSH HOST KEY FINGERPRINTS-----
<14>Jun  8 12:49:39 ec2: 1024 SHA256:BI88LQxbKR7I8taj7A0V5rNa8U0bqPY3BOxLe4Lt91s root@ubuntu-bionic (DSA)
<14>Jun  8 12:49:39 ec2: 256 SHA256:FMvb5jFAr5y7WiK6LIyzZB8BP2SonccvHhJbNmesNfE root@ubuntu-bionic (ECDSA)
<14>Jun  8 12:49:39 ec2: 256 SHA256:IP9o4GX28lgtTrZ/uXBkvWytLfJijoKXf/Tu1qWLBI8 root@ubuntu-bionic (ED25519)
<14>Jun  8 12:49:39 ec2: 2048 SHA256:YdfPnfpXb0nOIoqvp6ugcuvcUKYbQQBXSy2arfrE6ag root@ubuntu-bionic (RSA)
<14>Jun  8 12:49:39 ec2: -----END SSH HOST KEY FINGERPRINTS-----
<14>Jun  8 12:49:39 ec2: #############################################################
-----BEGIN SSH HOST KEY KEYS-----
ecdsa-sha2-nistp256 AAAAE2VjZHNhLXNoYTItbmlzdHAyNTYAAAAIbmlzdHAyNTYAAABBBCQjZqYiEkyzaEENz+7Cr/TkLou3YS4vLBWJXIxSa3thD0N7JpIzkqXzc6u0bl1j7a5WTyjqKJqEsCaSwATve9M= root@ubuntu-bionic
ssh-ed25519 AAAAC3NzaC1lZDI1NTE5AAAAIPEsxHH8blbVmBBOEBOjiM4wJOCwGNLMkW9gMamLtu7j root@ubuntu-bionic
ssh-rsa AAAAB3NzaC1yc2EAAAADAQABAAABAQC9nJBuAWkiWUknpORfxdK8t0YjzJBDR4TYhXqTJj/A5KbfO223y7JuTryPwDjC+VuJiOYnjX8Weu1eudrWJx/3xdTSro15c0bmp9nfjkyL97VezyTAyzdtfUejQMnKCrRv2k93pX1uqnt25zH7Z9jYPfU6Tn2AYl1Mzc4zGGOKTCuLaNYtESy/TiRd3ELImWzL8rJkmESeAtpC5sTphDOHmUP5A97GcpYsi8/3tmSvbBExgRN2yz9koiJ+NF5u+tymnU3ey7z9ZA+YSPsMNBJvuzKFF7+zChqKvK5y/3GaW4td5EhoMv+y3k30wBQMUP0YPUHM8BOtqT/0O0VyPkU9 root@ubuntu-bionic
-----END SSH HOST KEY KEYS-----
[   28.965348] cloud-init[1214]: Cloud-init v. 21.1-19-gbad84ad4-0ubuntu1~18.04.2 running 'modules:final' at Tue, 08 Jun 2021 12:49:38 +0000. Up 28.41 seconds.
[   28.965525] cloud-init[1214]: ci-info: no authorized SSH keys fingerprints found for user ubuntu.
[   28.967013] cloud-init[1214]: Cloud-init v. 21.1-19-gbad84ad4-0ubuntu1~18.04.2 finished at Tue, 08 Jun 2021 12:49:39 +0000. Datasource DataSourceNoCloud [seed=/dev/sdb][dsmode=net].  Up 28.94 seconds
